<?xml version="1.0" encoding="UTF-8"?>
<testsuite xmlns:xsi="http://www.w3.org/2001/XMLSchema-instance" xsi:noNamespaceSchemaLocation="https://maven.apache.org/surefire/maven-surefire-plugin/xsd/surefire-test-report-3.0.xsd" version="3.0" name="com.fares.configServer.ConfigServerApplicationTests" time="5.809" tests="1" errors="0" skipped="0" failures="0">
  <properties>
[...]
</properties>
  <testcase name="contextLoads" classname="com.fares.configServer.ConfigServerApplicationTests" time="0.812">
    <system-out><![CDATA[09:24:10.301 [main] INFO org.springframework.test.context.support.AnnotationConfigContextLoaderUtils -- Could not detect default configuration classes for test class [com.fares.configServer.ConfigServerApplicationTests]: ConfigServerApplicationTests does not declare any static, non-private, non-final, nested classes annotated with @Configuration.
09:24:10.401 [main] INFO org.springframework.boot.test.context.SpringBootTestContextBootstrapper -- Found @SpringBootConfiguration com.fares.configServer.ConfigServerApplication for test class com.fares.configServer.ConfigServerApplicationTests

  .   ____          _            __ _ _
 /\\ / ___'_ __ _ _(_)_ __  __ _ \ \ \ \
( ( )\___ | '_ | '_| | '_ \/ _` | \ \ \ \
 \\/  ___)| |_)| | | | | || (_| |  ) ) ) )
  '  |____| .__|_| |_|_| |_\__, | / / / /
 =========|_|==============|___/=/_/_/_/

 :: Spring Boot ::                (v3.3.1)

2024-07-23T09:24:12.128+01:00  INFO 8908 --- [configServer] [           main] c.f.c.ConfigServerApplicationTests       : Starting ConfigServerApplicationTests using Java 20.0.2 with PID 8908 (started by MSI in C:\Users\MSI\Desktop\Devops-Microservice\configServer)
2024-07-23T09:24:12.130+01:00  INFO 8908 --- [configServer] [           main] c.f.c.ConfigServerApplicationTests       : The following 1 profile is active: "native"
2024-07-23T09:24:12.991+01:00  INFO 8908 --- [configServer] [           main] o.s.cloud.context.scope.GenericScope     : BeanFactory id=69a1608e-bc55-3193-8082-7311e1a11ea1
2024-07-23T09:24:14.917+01:00  INFO 8908 --- [configServer] [           main] o.s.cloud.commons.util.InetUtils         : Cannot determine local hostname
2024-07-23T09:24:15.125+01:00  INFO 8908 --- [configServer] [           main] c.f.c.ConfigServerApplicationTests       : Started ConfigServerApplicationTests in 4.582 seconds (process running for 5.5)
]]></system-out>
  </testcase>
</testsuite>